app/build/outputs/mapping/release/seeds.txt
com.pomodoroalert.data.AlarmDao_Impl$1
com.pomodoroalert.data.TaskDao
com.pomodoroalert.data.UserPreferences$special$$inlined$map$1$2$1
com.pomodoroalert.di.AppModule_ProvideStatsRepositoryFactory
com.pomodoroalert.data.TaskRepository
com.pomodoroalert.data.TaskDao_Impl$1
com.pomodoroalert.PomodoroApplication_GeneratedInjector
com.pomodoroalert.worker.SyncWorker
com.pomodoroalert.data.TaskRepository_Factory
com.pomodoroalert.data.AlarmDao_Impl$2
com.pomodoroalert.di.NetworkModule_ProvideWebhookApiFactory
com.pomodoroalert.data.UserPreferences$special$$inlined$map$3
com.pomodoroalert.MainActivity_GeneratedInjector
com.pomodoroalert.data.UserPreferences$setDefaultPomodoro$2
com.pomodoroalert.data.UserPreferences$special$$inlined$map$1$2
com.pomodoroalert.data.TaskDao_Impl
com.pomodoroalert.data.AlarmDao_Impl$8
com.pomodoroalert.data.AlarmDao_Impl$7
com.pomodoroalert.data.UserPreferences$setEarphoneMode$2
com.pomodoroalert.data.AlarmDao_Impl$6
com.pomodoroalert.MainActivity
com.pomodoroalert.di.AppModule_ProvideCalendarManagerFactory
com.pomodoroalert.data.AppDatabase
com.pomodoroalert.data.TaskDao_Impl$2
com.pomodoroalert.data.CalendarSyncRepository_Factory
com.pomodoroalert.data.AlarmEntity
com.pomodoroalert.data.UserPreferences$special$$inlined$map$3$2
com.pomodoroalert.Hilt_PomodoroApplication
com.pomodoroalert.data.UserPreferences$setVoiceTone$2
com.pomodoroalert.di.NetworkModule_ProvideRetrofitFactory
com.pomodoroalert.data.UserPreferences
com.pomodoroalert.data.StatsRepository
com.pomodoroalert.ui.viewmodel.StatsViewModel_HiltModules_KeyModule_ProvideFactory
com.pomodoroalert.data.TaskDao_Impl$6
com.pomodoroalert.di.AppModule_ProvideAlarmDaoFactory
com.pomodoroalert.data.TaskRepository$triggerSync$1
com.pomodoroalert.PomodoroApplication
com.pomodoroalert.ui.viewmodel.HomeViewModel_Factory
com.pomodoroalert.data.UserPreferences$special$$inlined$map$3$2$1
com.pomodoroalert.data.UserPreferencesKt
com.pomodoroalert.ui.viewmodel.FocusViewModel_Factory
com.pomodoroalert.data.AlarmDao_Impl$10
com.pomodoroalert.data.AppDatabase_Impl
com.pomodoroalert.data.UserPreferences$special$$inlined$map$2
com.pomodoroalert.receiver.IndependentAlarmReceiver
com.pomodoroalert.receiver.ExactAlarmReceiver
com.pomodoroalert.DaggerPomodoroApplication_HiltComponents_SingletonC$ActivityRetainedCImpl$SwitchingProvider
com.pomodoroalert.ui.viewmodel.FocusViewModel_HiltModules_KeyModule_ProvideFactory
com.pomodoroalert.ui.viewmodel.AlarmListViewModel_Factory
com.pomodoroalert.data.TaskDao_Impl$10
com.pomodoroalert.data.AppDatabase_Impl$1
com.pomodoroalert.data.TaskRepository$updateStatus$1
com.pomodoroalert.ui.AlarmWakeUpActivity_GeneratedInjector
com.pomodoroalert.data.AlarmDao_Impl$5
com.pomodoroalert.ui.viewmodel.AlarmListViewModel_HiltModules_KeyModule_ProvideFactory
com.pomodoroalert.data.CalendarSyncRepository$syncTodayEvents$2
com.pomodoroalert.di.NetworkModule_ProvideGsonFactory
com.pomodoroalert.data.TaskDao_Impl$5
com.pomodoroalert.DaggerPomodoroApplication_HiltComponents_SingletonC$SingletonCImpl$SwitchingProvider
com.pomodoroalert.di.NetworkModule_ProvideOkHttpClientFactory
com.pomodoroalert.data.AlarmDao_Impl
com.pomodoroalert.data.AlarmDao_Impl$9
com.pomodoroalert.service.TimerService
com.pomodoroalert.data.TaskDao_Impl$4
com.pomodoroalert.di.AppModule_ProvideTaskDaoFactory
com.pomodoroalert.data.ConfigRepository
com.pomodoroalert.data.WebhookPayload
com.pomodoroalert.data.AlarmDao_Impl$4
com.pomodoroalert.di.AppModule_ProvideUserPreferencesFactory
com.pomodoroalert.data.TaskDao_Impl$7
com.pomodoroalert.data.TaskDao_Impl$8
com.pomodoroalert.ui.AlarmWakeUpActivity
com.pomodoroalert.data.TaskRepository$markPendingAndScheduleRetry$1
com.pomodoroalert.data.CalendarSyncRepository
com.pomodoroalert.data.UserPreferences$special$$inlined$map$2$2
com.pomodoroalert.data.AlarmDao_Impl$3
com.pomodoroalert.ui.viewmodel.StatsViewModel_Factory
com.pomodoroalert.data.UserPreferences$special$$inlined$map$2$2$1
...
androidx.compose.ui.platform.AndroidComposeView: androidx.compose.ui.layout.Placeable$PlacementScope getPlacementScope()
androidx.work.impl.utils.Api28Impl: java.lang.String getProcessName()
kotlin.coroutines.jvm.internal.BaseContinuationImpl: kotlin.coroutines.Continuation getCompletion()
androidx.core.view.accessibility.AccessibilityNodeInfoCompat$Api33Impl: void setUniqueId(android.view.accessibility.AccessibilityNodeInfo,java.lang.String)
androidx.compose.ui.platform.AndroidViewsHandler: java.util.HashMap getHolderToLayoutNode()
androidx.core.view.accessibility.AccessibilityNodeInfoCompat$Api34Impl: void setBoundsInWindow(android.view.accessibility.AccessibilityNodeInfo,android.graphics.Rect)
retrofit2.SkipCallbackExecutorImpl: SkipCallbackExecutorImpl()
retrofit2.KotlinExtensions$awaitResponse$2$2: KotlinExtensions$awaitResponse$2$2(kotlinx.coroutines.CancellableContinuation)
androidx.core.view.accessibility.AccessibilityNodeInfoCompat$Api30Impl: void setStateDescription(android.view.accessibility.AccessibilityNodeInfo,java.lang.CharSequence)
androidx.emoji2.text.EmojiCompatInitializer: EmojiCompatInitializer()
androidx.core.view.ViewCompat$Api30Impl: boolean isImportantForContentCapture(android.view.View)
androidx.core.view.accessibility.AccessibilityNodeInfoCompat$Api30Impl: java.lang.Object createRangeInfo(int,float,float,float)
androidx.compose.ui.platform.ViewLayer: long getOwnerViewId()
androidx.core.view.ViewCompat$Api29Impl: void saveAttributeDataForStyleable(android.view.View,android.content.Context,int[],android.util.AttributeSet,android.content.res.TypedArray,int,int)
retrofit2.Invocation: java.util.List arguments()
kotlin.coroutines.jvm.internal.SuspendLambda: int getArity()
androidx.core.app.NotificationCompatBuilder$Api23Impl: android.app.Notification$Builder setSmallIcon(android.app.Notification$Builder,java.lang.Object)
okhttp3.ResponseBody: void close()
androidx.compose.material3.MinimumInteractiveModifier: MinimumInteractiveModifier()
retrofit2.RequestBuilder: void addPart(okhttp3.MultipartBody$Part)
androidx.lifecycle.ProcessLifecycleOwner$Api29Impl: void registerActivityLifecycleCallbacks(android.app.Activity,android.app.Application$ActivityLifecycleCallbacks)
androidx.core.view.WindowInsetsCompat$Impl29: void setStableInsets(androidx.core.graphics.Insets)
androidx.core.view.accessibility.AccessibilityNodeInfoCompat$Api33Impl: androidx.core.view.accessibility.AccessibilityNodeInfoCompat$CollectionItemInfoCompat buildCollectionItemInfoCompat(boolean,int,int,int,int,boolean,java.lang.String,java.lang.String)
androidx.core.view.WindowInsetsCompat$BuilderImpl29: WindowInsetsCompat$BuilderImpl29()
retrofit2.Retrofit: void validateServiceInterface(java.lang.Class)
androidx.room.RoomDatabase: void isOpen$annotations()
androidx.core.app.NotificationCompatBuilder$Api20Impl: android.app.Notification$Builder setLocalOnly(android.app.Notification$Builder,boolean)
androidx.room.EntityInsertionAdapter: java.util.List insertAndReturnIdsList(java.lang.Object[])
androidx.core.view.ViewCompat$Api21Impl: void setBackgroundTintMode(android.view.View,android.graphics.PorterDuff$Mode)
androidx.work.impl.WorkManagerImpl$Api24Impl: boolean isDeviceProtectedStorage(android.content.Context)
retrofit2.Utils: java.lang.RuntimeException methodError(java.lang.reflect.Method,java.lang.String,java.lang.Object[])
androidx.compose.ui.text.font.TypefaceHelperMethodsApi28: android.graphics.Typeface create(android.graphics.Typeface,int,boolean)
androidx.compose.runtime.Recomposer$State: androidx.compose.runtime.Recomposer$State[] values()
androidx.compose.ui.platform.AbstractComposeView: void getDisposeViewCompositionStrategy$annotations()
androidx.core.graphics.drawable.IconCompat$Api23Impl: android.graphics.drawable.Drawable loadDrawable(android.graphics.drawable.Icon,android.content.Context)