app/build/outputs/mapping/release/usage.txt
com.pomodoroalert.DaggerPomodoroApplication_HiltComponents_SingletonC$ActivityCImpl$LazyClassKeyProvider:
    com.pomodoroalert.ui.viewmodel.AlarmListViewModel com_pomodoroalert_ui_viewmodel_AlarmListViewModel2
    com.pomodoroalert.ui.viewmodel.FocusViewModel com_pomodoroalert_ui_viewmodel_FocusViewModel2
    com.pomodoroalert.ui.viewmodel.HomeViewModel com_pomodoroalert_ui_viewmodel_HomeViewModel2
    com.pomodoroalert.ui.viewmodel.SettingsViewModel com_pomodoroalert_ui_viewmodel_SettingsViewModel2
    com.pomodoroalert.ui.viewmodel.StatsViewModel com_pomodoroalert_ui_viewmodel_StatsViewModel2
    private void <init>()
com.pomodoroalert.DaggerPomodoroApplication_HiltComponents_SingletonC$ActivityCImpl:
    public dagger.hilt.android.internal.builders.FragmentComponentBuilder fragmentComponentBuilder()
    public dagger.hilt.android.internal.builders.ViewComponentBuilder viewComponentBuilder()
com.pomodoroalert.DaggerPomodoroApplication_HiltComponents_SingletonC$FragmentCBuilder
com.pomodoroalert.DaggerPomodoroApplication_HiltComponents_SingletonC$FragmentCImpl
com.pomodoroalert.DaggerPomodoroApplication_HiltComponents_SingletonC$ServiceCBuilder
com.pomodoroalert.DaggerPomodoroApplication_HiltComponents_SingletonC$ServiceCImpl
com.pomodoroalert.DaggerPomodoroApplication_HiltComponents_SingletonC$SingletonCImpl:
    public java.util.Set getDisableFragmentGetContextFix()
    public dagger.hilt.android.internal.builders.ServiceComponentBuilder serviceComponentBuilder()
com.pomodoroalert.DaggerPomodoroApplication_HiltComponents_SingletonC$ViewCBuilder
com.pomodoroalert.DaggerPomodoroApplication_HiltComponents_SingletonC$ViewCImpl
com.pomodoroalert.DaggerPomodoroApplication_HiltComponents_SingletonC$ViewModelCImpl$LazyClassKeyProvider:
    com.pomodoroalert.ui.viewmodel.AlarmListViewModel com_pomodoroalert_ui_viewmodel_AlarmListViewModel2
    com.pomodoroalert.ui.viewmodel.FocusViewModel com_pomodoroalert_ui_viewmodel_FocusViewModel2
    com.pomodoroalert.ui.viewmodel.HomeViewModel com_pomodoroalert_ui_viewmodel_HomeViewModel2
    com.pomodoroalert.ui.viewmodel.SettingsViewModel com_pomodoroalert_ui_viewmodel_SettingsViewModel2
    com.pomodoroalert.ui.viewmodel.StatsViewModel com_pomodoroalert_ui_viewmodel_StatsViewModel2
    private void <init>()
com.pomodoroalert.DaggerPomodoroApplication_HiltComponents_SingletonC$ViewWithFragmentCBuilder
com.pomodoroalert.DaggerPomodoroApplication_HiltComponents_SingletonC$ViewWithFragmentCImpl
com.pomodoroalert.DaggerPomodoroApplication_HiltComponents_SingletonC:
    private void <init>()
com.pomodoroalert.Hilt_MainActivity:
    void <init>(int)
    public synthetic bridge dagger.hilt.internal.GeneratedComponentManager componentManager()
com.pomodoroalert.Hilt_PomodoroApplication:
    public synthetic bridge dagger.hilt.internal.GeneratedComponentManager componentManager()
com.pomodoroalert.MainActivity:
    public static final int $stable
com.pomodoroalert.PomodoroApplication:
    public static final int $stable
com.pomodoroalert.PomodoroApplication_ComponentTreeDeps
com.pomodoroalert.PomodoroApplication_HiltComponents$ActivityC$Builder
com.pomodoroalert.PomodoroApplication_HiltComponents$ActivityCBuilderModule
com.pomodoroalert.PomodoroApplication_HiltComponents$ActivityRetainedC$Builder
com.pomodoroalert.PomodoroApplication_HiltComponents$ActivityRetainedCBuilderModule
com.pomodoroalert.PomodoroApplication_HiltComponents$FragmentC$Builder
com.pomodoroalert.PomodoroApplication_HiltComponents$FragmentC
com.pomodoroalert.PomodoroApplication_HiltComponents$FragmentCBuilderModule
com.pomodoroalert.PomodoroApplication_HiltComponents$ServiceC$Builder
com.pomodoroalert.PomodoroApplication_HiltComponents$ServiceC
com.pomodoroalert.PomodoroApplication_HiltComponents$ServiceCBuilderModule
com.pomodoroalert.PomodoroApplication_HiltComponents$ViewC$Builder
com.pomodoroalert.PomodoroApplication_HiltComponents$ViewC
com.pomodoroalert.PomodoroApplication_HiltComponents$ViewCBuilderModule
...
androidx.work.impl.background.systemalarm.DelayMetCommandHandler:
    private static final int STATE_INITIAL
    private static final int STATE_START_REQUESTED
    private static final int STATE_STOP_REQUESTED
androidx.work.impl.background.systemalarm.SystemAlarmDispatcher:
    private static final int DEFAULT_START_ID
    private static final java.lang.String KEY_START_ID
    private static final java.lang.String PROCESS_COMMAND_TAG
androidx.work.impl.background.systemalarm.package-info
androidx.work.impl.background.systemjob.SystemJobInfoConverter:
    static final java.lang.String EXTRA_IS_PERIODIC
    static final java.lang.String EXTRA_WORK_SPEC_GENERATION
    static final java.lang.String EXTRA_WORK_SPEC_ID
androidx.work.impl.background.systemjob.SystemJobService$Api24Impl:
    private void <init>()
androidx.work.impl.background.systemjob.SystemJobService$Api28Impl:
    private void <init>()
androidx.work.impl.background.systemjob.SystemJobService$Api31Impl:
    private void <init>()
androidx.work.impl.background.systemjob.package-info
androidx.work.impl.constraints.ConstraintsState$ConstraintsNotMet:
    public final int component1()
    public final androidx.work.impl.constraints.ConstraintsState$ConstraintsNotMet copy(int)
    public static synthetic androidx.work.impl.constraints.ConstraintsState$ConstraintsNotMet copy$default(androidx.work.impl.constraints.ConstraintsState$ConstraintsNotMet,int,int,java.lang.Object)
androidx.work.impl.constraints.NetworkState:
    public final boolean component1()
    public final boolean component2()
    public final boolean component3()
    public final boolean component4()
    public final androidx.work.impl.constraints.NetworkState copy(boolean,boolean,boolean,boolean)
    public static synthetic androidx.work.impl.constraints.NetworkState copy$default(androidx.work.impl.constraints.NetworkState,boolean,boolean,boolean,boolean,int,java.lang.Object)
androidx.work.impl.constraints.controllers.ConstraintController:
    public static synthetic void getReason$annotations()
androidx.work.impl.constraints.controllers.package-info
androidx.work.impl.constraints.package-info
androidx.work.impl.constraints.trackers.BatteryNotLowTrackerKt:
    public static final float BATTERY_LOW_THRESHOLD
androidx.work.impl.constraints.trackers.ConstraintTracker:
    public final java.lang.Object getState()
androidx.work.impl.constraints.trackers.NetworkStateTrackerKt:
    public static synthetic void getActiveNetworkState$annotations(android.net.ConnectivityManager)
androidx.work.impl.constraints.trackers.NetworkStateTrackerPre24:
    public static synthetic void getIntentFilter$annotations()
androidx.work.impl.constraints.trackers.Trackers:
    public void <init>(android.content.Context,androidx.work.impl.utils.taskexecutor.TaskExecutor)
    public void <init>(android.content.Context,androidx.work.impl.utils.taskexecutor.TaskExecutor,androidx.work.impl.constraints.trackers.ConstraintTracker)
    public void <init>(android.content.Context,androidx.work.impl.utils.taskexecutor.TaskExecutor,androidx.work.impl.constraints.trackers.ConstraintTracker,androidx.work.impl.constraints.trackers.BatteryNotLowTracker)
    public void <init>(android.content.Context,androidx.work.impl.utils.taskexecutor.TaskExecutor,androidx.work.impl.constraints.trackers.ConstraintTracker,androidx.work.impl.constraints.trackers.BatteryNotLowTracker,androidx.work.impl.constraints.trackers.ConstraintTracker)
androidx.work.impl.constraints.trackers.package-info